\BOOKMARK [0][]{chapter*.1}{\376\377\166\356\137\125}{}% 1
\BOOKMARK [0][]{chapter.1}{\376\377\000\050\116\000\000\051\000\040\000\040\137\025\212\000}{}% 2
\BOOKMARK [1][]{section.1.1}{\376\377\0001\000.\0001\000\040\177\026\121\231\166\356\166\204}{chapter.1}% 3
\BOOKMARK [1][]{section.1.2}{\376\377\0001\000.\0002\000\040\122\115\146\157}{chapter.1}% 4
\BOOKMARK [0][]{chapter.2}{\376\377\000\050\116\214\000\051\000\040\000\040\217\157\116\366\176\374\217\360}{}% 5
\BOOKMARK [1][]{section.2.1}{\376\377\0002\000.\0001\000\040\217\157\116\366\122\237\200\375}{chapter.2}% 6
\BOOKMARK [1][]{section.2.2}{\376\377\0002\000.\0002\000\040\217\320\210\114\163\257\130\203}{chapter.2}% 7
\BOOKMARK [0][]{chapter.3}{\376\377\000\050\116\011\000\051\000\040\000\040\165\114\227\142\123\312\144\315\117\134\213\364\146\016}{}% 8
\BOOKMARK [1][]{section.3.1}{\376\377\0003\000.\0001\000\040\116\073\165\114\227\142}{chapter.3}% 9
\BOOKMARK [1][]{section.3.2}{\376\377\0003\000.\0002\000\040\203\334\123\125\150\017}{chapter.3}% 10
\BOOKMARK [1][]{section.3.3}{\376\377\0003\000.\0003\000\040\135\346\117\247\165\114\227\142}{chapter.3}% 11
\BOOKMARK [1][]{section.3.4}{\376\377\0003\000.\0004\000\040\116\313\176\315\165\114\227\142}{chapter.3}% 12
\BOOKMARK [1][]{section.3.5}{\376\377\0003\000.\0005\000\040\121\375\145\160\213\276\133\232\165\114\227\142}{chapter.3}% 13
\BOOKMARK [1][]{section.3.6}{\376\377\0003\000.\0006\000\040\137\071\121\372\165\114\227\142\116\016\133\371\213\335\150\106}{chapter.3}% 14
\BOOKMARK [2][]{subsection.3.6.1}{\376\377\0003\000.\0006\000.\0001\000\040\155\373\122\240\121\375\145\160\174\173\377\014\121\375\145\160\116\016\123\302\145\160\165\114\227\142}{section.3.6}% 15
\BOOKMARK [2][]{subsection.3.6.2}{\376\377\0003\000.\0006\000.\0002\000\040\155\373\122\240\123\330\221\317\133\371\213\335\150\106\377\014\122\040\226\144\133\371\213\335\150\106\116\016\144\034\175\042\133\371\213\335\150\106}{section.3.6}% 16
\BOOKMARK [0][]{chapter.4}{\376\377\000\050\126\333\000\051\000\040\000\040\144\315\117\134\213\364\146\016}{}% 17
\BOOKMARK [1][]{section.4.1}{\376\377\0004\000.\0001\000\040\117\177\165\050\121\375\145\160}{chapter.4}% 18
\BOOKMARK [1][]{section.4.2}{\376\377\0004\000.\0002\000\040\155\373\122\240\121\375\145\160\116\016\121\375\145\160\174\173}{chapter.4}% 19
\BOOKMARK [1][]{section.4.3}{\376\377\0004\000.\0003\000\040\144\034\175\042\122\237\200\375}{chapter.4}% 20
