\BOOKMARK [0][]{chapter*.1}{\376\377\166\356\137\125}{}% 1
\BOOKMARK [0][]{chapter.1}{\376\377\000\050\116\000\000\051\000\040\000\040\151\202\217\360}{}% 2
\BOOKMARK [1][]{section.1.1}{\376\377\0001\000.\0001\000\040\173\200\116\313}{chapter.1}% 3
\BOOKMARK [1][]{section.1.2}{\376\377\0001\000.\0002\000\040\217\157\116\366\121\205\133\271\116\016\122\237\200\375}{chapter.1}% 4
\BOOKMARK [0][]{chapter.2}{\376\377\000\050\116\214\000\051\000\040\000\040\217\157\116\366\176\323\147\204\213\276\213\241}{}% 5
\BOOKMARK [1][]{section.2.1}{\376\377\0002\000.\0001\000\040\137\000\123\321\163\257\130\203}{chapter.2}% 6
\BOOKMARK [1][]{section.2.2}{\376\377\0002\000.\0002\000\040\140\073\117\123\147\266\147\204}{chapter.2}% 7
\BOOKMARK [1][]{section.2.3}{\376\377\0002\000.\0003\000\040\145\160\133\146\166\370\121\163\174\173}{chapter.2}% 8
\BOOKMARK [2][]{subsection.2.3.1}{\376\377\0002\000.\0003\000.\0001\000\040\000M\000a\000t\000h\000O\000b\000j\000e\000c\000t\174\173}{section.2.3}% 9
\BOOKMARK [2][]{subsection.2.3.2}{\376\377\0002\000.\0003\000.\0002\000\040\000F\000u\000n\000c\000C\000l\000a\000s\000s\116\016\000M\000a\000t\000h\000F\000u\000n\000c\174\173}{section.2.3}% 10
\BOOKMARK [2][]{subsection.2.3.3}{\376\377\0002\000.\0003\000.\0003\000\040\000P\000a\000r\000a\116\016\000V\000a\000r\000R\000a\000n\000g\000e\000P\000a\000r\000a\174\173}{section.2.3}% 11
\BOOKMARK [1][]{section.2.4}{\376\377\0002\000.\0004\000\040\165\050\142\067\165\114\227\142\166\370\121\163\174\173}{chapter.2}% 12
\BOOKMARK [2][]{subsection.2.4.1}{\376\377\0002\000.\0004\000.\0001\000\040\000M\000a\000i\000n\000F\000r\000a\000m\000e\116\016\000M\000a\000i\000n\000P\000a\000n\000e\174\173}{section.2.4}% 13
\BOOKMARK [2][]{subsection.2.4.2}{\376\377\0002\000.\0004\000.\0002\000\040\000R\000i\000g\000h\000t\000B\000o\000t\000t\000o\000m\000P\000a\000n\000e\116\016\000P\000a\000r\000a\000A\000n\000d\000C\000o\000d\000e\000P\000a\000n\000e\174\173}{section.2.4}% 14
\BOOKMARK [2][]{subsection.2.4.3}{\376\377\0002\000.\0004\000.\0003\000\040\000P\000o\000p\000u\000p\000F\000r\000a\000m\000e\116\016\000P\000o\000p\000u\000p\000S\000e\000a\000r\000c\000h\000F\000r\000a\000m\000e}{section.2.4}% 15
\BOOKMARK [0][]{chapter.3}{\376\377\000\050\116\011\000\051\000\040\000\040\165\050\142\067\165\114\227\142\213\276\213\241}{}% 16
\BOOKMARK [1][]{section.3.1}{\376\377\0003\000.\0001\000\040\116\073\165\114\227\142}{chapter.3}% 17
\BOOKMARK [1][]{section.3.2}{\376\377\0003\000.\0002\000\040\203\334\123\125\150\017}{chapter.3}% 18
\BOOKMARK [1][]{section.3.3}{\376\377\0003\000.\0003\000\040\135\346\117\247\165\114\227\142}{chapter.3}% 19
\BOOKMARK [1][]{section.3.4}{\376\377\0003\000.\0004\000\040\116\313\176\315\165\114\227\142}{chapter.3}% 20
\BOOKMARK [1][]{section.3.5}{\376\377\0003\000.\0005\000\040\121\375\145\160\213\276\133\232\165\114\227\142}{chapter.3}% 21
\BOOKMARK [1][]{section.3.6}{\376\377\0003\000.\0006\000\040\137\071\121\372\165\114\227\142\116\016\133\371\213\335\150\106}{chapter.3}% 22
\BOOKMARK [2][]{subsection.3.6.1}{\376\377\0003\000.\0006\000.\0001\000\040\155\373\122\240\121\375\145\160\174\173\377\014\121\375\145\160\116\016\123\302\145\160\165\114\227\142}{section.3.6}% 23
\BOOKMARK [2][]{subsection.3.6.2}{\376\377\0003\000.\0006\000.\0002\000\040\155\373\122\240\123\330\221\317\133\371\213\335\150\106\377\014\122\040\226\144\133\371\213\335\150\106\116\016\144\034\175\042\133\371\213\335\150\106}{section.3.6}% 24
\BOOKMARK [1][]{section.3.7}{\376\377\0003\000.\0007\000\040\116\073\211\201\213\276\213\241\123\237\122\031}{chapter.3}% 25
\BOOKMARK [0][]{chapter.4}{\376\377\000\050\126\333\000\051\000\040\000\040\123\315\140\035}{}% 26
